[debug] [2022-05-01T15:06:46.405Z] ----------------------------------------------------------------------
[debug] [2022-05-01T15:06:46.407Z] Command:       C:\Program Files\nodejs\node.exe C:\Users\VImmadisetty\AppData\Roaming\npm\node_modules\firebase-tools\lib\bin\firebase.js init
[debug] [2022-05-01T15:06:46.408Z] CLI Version:   10.7.2
[debug] [2022-05-01T15:06:46.408Z] Platform:      win32
[debug] [2022-05-01T15:06:46.408Z] Node Version:  v16.15.0
[debug] [2022-05-01T15:06:46.411Z] Time:          Sun May 01 2022 20:36:46 GMT+0530 (India Standard Time)
[debug] [2022-05-01T15:06:46.411Z] ----------------------------------------------------------------------
[debug] 
[debug] [2022-05-01T15:06:46.432Z] > command requires scopes: ["email","openid","https://www.googleapis.com/auth/cloudplatformprojects.readonly","https://www.googleapis.com/auth/firebase","https://www.googleapis.com/auth/cloud-platform"]
[debug] [2022-05-01T15:06:46.433Z] > authorizing via signed-in user (vinodkumar9576@gmail.com)
[info] 
     ######## #### ########  ######## ########     ###     ######  ########
     ##        ##  ##     ## ##       ##     ##  ##   ##  ##       ##
     ######    ##  ########  ######   ########  #########  ######  ######
     ##        ##  ##    ##  ##       ##     ## ##     ##       ## ##
     ##       #### ##     ## ######## ########  ##     ##  ######  ########

You're about to initialize a Firebase project in this directory:

  C:\Users\VImmadisetty\Downloads\Projects\DS-portfolio

[info] 
=== Project Setup
[info] 
[info] First, let's associate this project directory with a Firebase project.
[info] You can create multiple project aliases by running firebase use --add, 
[info] but for now we'll just set up a default project.
[info] 
[info] i  If you want to create a project in a Google Cloud organization or folder, please use "firebase projects:create" instead, and return to this command when you've created the project. 
